<?xml version="1.0" encoding="UTF-8"?>
<testsuite xmlns:xsi="http://www.w3.org/2001/XMLSchema-instance" xsi:noNamespaceSchemaLocation="https://maven.apache.org/surefire/maven-surefire-plugin/xsd/surefire-test-report-3.0.xsd" version="3.0" name="TestSuite" time="41.662" tests="3" errors="0" skipped="0" failures="0">
  <properties>
[...]
</properties>
  <testcase name="validateUserRegistrationProcess" classname="com.framework.qa.testcases.ValidateRegistrationPageTestCases" time="8.302">
    <system-out><![CDATA[[TestNGContentHandler] [WARN] It is strongly recommended to add "<!DOCTYPE suite SYSTEM "http://testng.org/testng-1.0.dtd" >" at the top of your file, otherwise TestNG may fail or not work as expected.
resultFileC:\Users\AKASH\Downloads\Selenium Workspace\AutomationFramework_Demo\Resources\Report\September_03_2020\September_03_2020_03-33\Automation_Demo_Sep-03-2020_03-33_AutomationResults.html
BrowserName:chrome
element present ----- 
element present ----- 
element present ----- 
element present ----- 
element present ----- 
element present ----- 
]]></system-out>
    <system-err><![CDATA[Starting ChromeDriver 84.0.4147.30 (48b3e868b4cc0aa7e8149519690b6f6949e110a8-refs/branch-heads/4147@{#310}) on port 33155
Only local connections are allowed.
Please see https://chromedriver.chromium.org/security-considerations for suggestions on keeping ChromeDriver safe.
ChromeDriver was started successfully.
[1599127392.756][WARNING]: This version of ChromeDriver has not been tested with Chrome version 85.
Sep 03, 2020 3:33:16 PM org.openqa.selenium.remote.ProtocolHandshake createSession
INFO: Detected dialect: W3C
]]></system-err>
  </testcase>
  <testcase name="validateEndToEndBuyOrderFunctionality" classname="com.framework.qa.testcases.ValidateOrderPageTestCases" time="19.63">
    <system-out><![CDATA[element present ----- 
element present ----- 
Mouse Hover Actionelement present ----- 
element present ----- 
element present ----- 
element present ----- 
]]></system-out>
  </testcase>
  <testcase name="validateSearchProduct" classname="com.framework.qa.testcases.ValidateSearchPageTestCases" time="1.488">
    <system-out><![CDATA[Mouse Hover Actionelement present ----- 
[[ChromeDriver: chrome on WINDOWS (52ad5f7dd783e8d095e9dc6940f903a3)] -> xpath: //i[@class='fa fa-search']]
]]></system-out>
  </testcase>
</testsuite>