<?xml version="1.0" encoding="UTF-8"?>
<!-- Generated by org.testng.reporters.JUnitXMLReporter -->
<testsuite hostname="DESKTOP-0M1RLDQ" ignored="8" name="Test Demo" tests="3" failures="0" timestamp="03 Sep 2020 10:03:49 GMT" time="39.118" errors="0">
  <testcase name="validateUserRegistrationProcess" time="8.336" classname="com.framework.qa.testcases.ValidateRegistrationPageTestCases"/>
  <testcase name="validateEndToEndBuyOrderFunctionality" time="19.628" classname="com.framework.qa.testcases.ValidateOrderPageTestCases"/>
  <testcase name="validateSearchProduct" time="1.488" classname="com.framework.qa.testcases.ValidateSearchPageTestCases"/>
  <testcase name="@AfterSuite tearDown" time="0.0" classname="com.framework.qa.basetest.BaseTest">
    <ignored/>
  </testcase> <!-- @AfterSuite tearDown -->
  <testcase name="@AfterSuite tearDown" time="0.0" classname="com.framework.qa.basetest.BaseTest">
    <ignored/>
  </testcase> <!-- @AfterSuite tearDown -->
  <testcase name="@BeforeSuite initReport" time="0.0" classname="com.framework.qa.basetest.BaseTest">
    <ignored/>
  </testcase> <!-- @BeforeSuite initReport -->
  <testcase name="@BeforeSuite initReport" time="0.0" classname="com.framework.qa.basetest.BaseTest">
    <ignored/>
  </testcase> <!-- @BeforeSuite initReport -->
  <testcase name="@BeforeTest initializeDriver" time="0.0" classname="com.framework.qa.basetest.BaseTest">
    <ignored/>
  </testcase> <!-- @BeforeTest initializeDriver -->
  <testcase name="@BeforeTest initializeDriver" time="0.0" classname="com.framework.qa.basetest.BaseTest">
    <ignored/>
  </testcase> <!-- @BeforeTest initializeDriver -->
  <testcase name="@AfterTest closeBrowser" time="0.0" classname="com.framework.qa.basetest.BaseTest">
    <ignored/>
  </testcase> <!-- @AfterTest closeBrowser -->
  <testcase name="@AfterTest closeBrowser" time="0.0" classname="com.framework.qa.basetest.BaseTest">
    <ignored/>
  </testcase> <!-- @AfterTest closeBrowser -->
</testsuite> <!-- Test Demo -->
